{
  "stats": {
    "suites": 4,
    "tests": 9,
    "passes": 4,
    "pending": 0,
    "failures": 5,
    "start": "2025-03-12T14:25:11.516Z",
    "end": "2025-03-12T14:25:24.951Z",
    "duration": 13435,
    "testsRegistered": 9,
    "passPercent": 44.44444444444444,
    "pendingPercent": 0,
    "other": 0,
    "hasOther": false,
    "skipped": 0,
    "hasSkipped": false
  },
  "results": [
    {
      "uuid": "7023f6e9-a421-43c7-bafe-768b271cd0b5",
      "title": "",
      "fullFile": "cypress/e2e/ui/register.cy.ts",
      "file": "cypress/e2e/ui/register.cy.ts",
      "beforeHooks": [],
      "afterHooks": [],
      "tests": [],
      "suites": [
        {
          "uuid": "d297332f-9eee-4978-8ec3-a15f6a815b91",
          "title": "Registration Page",
          "fullFile": "",
          "file": "",
          "beforeHooks": [],
          "afterHooks": [],
          "tests": [
            {
              "title": "should display registration form with all fields",
              "fullTitle": "Registration Page should display registration form with all fields",
              "timedOut": null,
              "duration": 650,
              "state": "passed",
              "speed": "fast",
              "pass": true,
              "fail": false,
              "pending": false,
              "context": null,
              "code": "cy.dataCy('username').should('be.visible');\ncy.dataCy('password').should('be.visible');\ncy.dataCy('confirm-password').should('be.visible');\ncy.dataCy('submit').should('be.visible');\ncy.dataCy('back-to-login').should('be.visible');",
              "err": {},
              "uuid": "0dc1a395-d01f-49a7-a02e-7db4b71ab4bd",
              "parentUUID": "d297332f-9eee-4978-8ec3-a15f6a815b91",
              "isHook": false,
              "skipped": false
            }
          ],
          "suites": [
            {
              "uuid": "cfe7319c-af53-430d-a45a-167e54c37fbe",
              "title": "Form Validation",
              "fullFile": "",
              "file": "",
              "beforeHooks": [],
              "afterHooks": [],
              "tests": [
                {
                  "title": "should validate username requirements",
                  "fullTitle": "Registration Page Form Validation should validate username requirements",
                  "timedOut": null,
                  "duration": 542,
                  "state": "failed",
                  "speed": null,
                  "pass": false,
                  "fail": true,
                  "pending": false,
                  "context": null,
                  "code": "const username = cy.dataCy('username');\nusername.focus().blur();\ncy.contains('Username is required');\nusername.type('ab');\ncy.contains('Username must be at least 3 characters');\nusername.clear().type('thisusernameiswaytoolongtobevalid');\ncy.contains('Username must be less than 20 characters');\nusername.clear().type('user@name');\ncy.contains('Username can only contain letters, numbers, underscores and dashes');\nusername.clear().type('valid_user123');\ncy.contains('Username is required').should('not.exist');",
                  "err": {
                    "message": "CypressError: `cy.focus()` can only be called on a valid focusable element. Your subject is a: `<div class=\"v-input v-input--horizontal v-input--center-affix v-input--density-default v-theme--light v-locale--is-ltr v-text-field\" data-cy=\"username\">...</div>`\n\nhttps://on.cypress.io/focus",
                    "estack": "CypressError: `cy.focus()` can only be called on a valid focusable element. Your subject is a: `<div class=\"v-input v-input--horizontal v-input--center-affix v-input--density-default v-theme--light v-locale--is-ltr v-text-field\" data-cy=\"username\">...</div>`\n\nhttps://on.cypress.io/focus\n    at Context.focus (http://localhost:3001/__cypress/runner/cypress_runner.js:113294:70)\n    at wrapped (http://localhost:3001/__cypress/runner/cypress_runner.js:137964:19)\nFrom Your Spec Code:\n    at Context.eval (webpack://poker-results-tracker-frontend/./cypress/e2e/ui/register.cy.ts:15:0)",
                    "diff": null
                  },
                  "uuid": "446fd872-30b6-4c8c-9654-aa45dee0b1fa",
                  "parentUUID": "cfe7319c-af53-430d-a45a-167e54c37fbe",
                  "isHook": false,
                  "skipped": false
                },
                {
                  "title": "should validate password requirements",
                  "fullTitle": "Registration Page Form Validation should validate password requirements",
                  "timedOut": null,
                  "duration": 466,
                  "state": "failed",
                  "speed": null,
                  "pass": false,
                  "fail": true,
                  "pending": false,
                  "context": null,
                  "code": "const password = cy.dataCy('password');\npassword.focus().blur();\ncy.contains('Password is required');\npassword.type('123');\ncy.contains('Password must be at least 8 characters');\npassword.clear().type('abcdefghi');\ncy.contains('Password must contain at least one number');\npassword.clear().type('123456789');\ncy.contains('Password must contain at least one letter');\npassword.clear().type('ValidPass123');\ncy.contains('Password is required').should('not.exist');",
                  "err": {
                    "message": "CypressError: `cy.focus()` can only be called on a valid focusable element. Your subject is a: `<div class=\"v-input v-input--horizontal v-input--center-affix v-input--density-default v-theme--light v-locale--is-ltr v-text-field\" data-cy=\"password\">...</div>`\n\nhttps://on.cypress.io/focus",
                    "estack": "CypressError: `cy.focus()` can only be called on a valid focusable element. Your subject is a: `<div class=\"v-input v-input--horizontal v-input--center-affix v-input--density-default v-theme--light v-locale--is-ltr v-text-field\" data-cy=\"password\">...</div>`\n\nhttps://on.cypress.io/focus\n    at Context.focus (http://localhost:3001/__cypress/runner/cypress_runner.js:113294:70)\n    at wrapped (http://localhost:3001/__cypress/runner/cypress_runner.js:137964:19)\nFrom Your Spec Code:\n    at Context.eval (webpack://poker-results-tracker-frontend/./cypress/e2e/ui/register.cy.ts:28:0)",
                    "diff": null
                  },
                  "uuid": "122bfff0-d63e-414e-b89c-31c49fa0c6bd",
                  "parentUUID": "cfe7319c-af53-430d-a45a-167e54c37fbe",
                  "isHook": false,
                  "skipped": false
                },
                {
                  "title": "should validate password confirmation",
                  "fullTitle": "Registration Page Form Validation should validate password confirmation",
                  "timedOut": null,
                  "duration": 1301,
                  "state": "failed",
                  "speed": null,
                  "pass": false,
                  "fail": true,
                  "pending": false,
                  "context": null,
                  "code": "cy.dataCy('password').type('ValidPass123');\ncy.dataCy('confirm-password').type('DifferentPass123');\ncy.contains('Passwords must match');\ncy.dataCy('confirm-password').clear().type('ValidPass123');\ncy.contains('Passwords must match').should('not.exist');",
                  "err": {
                    "message": "CypressError: `cy.type()` failed because it requires a valid typeable element.\n\nThe element typed into was:\n\n  > `<div class=\"v-input v-input--horizontal v-input--center-affix v-input--density-default v-theme--light v-locale--is-ltr v-input--error v-input--dirty v-text-field\" data-cy=\"confirm-password\">...</div>`\n\n  A typeable element matches one of the following selectors:\n  `a[href]`\n  `area[href]`\n  `input`\n  `select`\n  `textarea`\n  `button`\n  `iframe`\n  `[tabindex]`\n  `[contenteditable]`\n\nhttps://on.cypress.io/type",
                    "estack": "CypressError: `cy.type()` failed because it requires a valid typeable element.\n\nThe element typed into was:\n\n  > `<div class=\"v-input v-input--horizontal v-input--center-affix v-input--density-default v-theme--light v-locale--is-ltr v-input--error v-input--dirty v-text-field\" data-cy=\"confirm-password\">...</div>`\n\n  A typeable element matches one of the following selectors:\n  `a[href]`\n  `area[href]`\n  `input`\n  `select`\n  `textarea`\n  `button`\n  `iframe`\n  `[tabindex]`\n  `[contenteditable]`\n\nhttps://on.cypress.io/type\n    at <unknown> (http://localhost:3001/__cypress/runner/cypress_runner.js:115639:76)\n    at tryCatcher (http://localhost:3001/__cypress/runner/cypress_runner.js:1830:23)\n    at Promise._settlePromiseFromHandler (http://localhost:3001/__cypress/runner/cypress_runner.js:1542:31)\n    at Promise._settlePromise (http://localhost:3001/__cypress/runner/cypress_runner.js:1599:18)\n    at Promise._settlePromise0 (http://localhost:3001/__cypress/runner/cypress_runner.js:1644:10)\n    at Promise._settlePromises (http://localhost:3001/__cypress/runner/cypress_runner.js:1724:18)\n    at _drainQueueStep (http://localhost:3001/__cypress/runner/cypress_runner.js:2430:12)\n    at _drainQueue (http://localhost:3001/__cypress/runner/cypress_runner.js:2423:9)\n    at Async._drainQueues (http://localhost:3001/__cypress/runner/cypress_runner.js:2439:5)\n    at Async.drainQueues (http://localhost:3001/__cypress/runner/cypress_runner.js:2309:14)\nFrom Your Spec Code:\n    at Context.eval (webpack://poker-results-tracker-frontend/./cypress/e2e/ui/register.cy.ts:43:0)",
                    "diff": null
                  },
                  "uuid": "7e30a3b6-7835-4e46-81d5-150d4300f0d4",
                  "parentUUID": "cfe7319c-af53-430d-a45a-167e54c37fbe",
                  "isHook": false,
                  "skipped": false
                }
              ],
              "suites": [],
              "passes": [],
              "failures": [
                "446fd872-30b6-4c8c-9654-aa45dee0b1fa",
                "122bfff0-d63e-414e-b89c-31c49fa0c6bd",
                "7e30a3b6-7835-4e46-81d5-150d4300f0d4"
              ],
              "pending": [],
              "skipped": [],
              "duration": 2309,
              "root": false,
              "rootEmpty": false,
              "_timeout": 2000
            },
            {
              "uuid": "f0765404-fbf4-4e06-a18c-8af2bd3384bb",
              "title": "UI Interactions",
              "fullFile": "",
              "file": "",
              "beforeHooks": [],
              "afterHooks": [],
              "tests": [
                {
                  "title": "should toggle password visibility",
                  "fullTitle": "Registration Page UI Interactions should toggle password visibility",
                  "timedOut": null,
                  "duration": 4512,
                  "state": "failed",
                  "speed": null,
                  "pass": false,
                  "fail": true,
                  "pending": false,
                  "context": null,
                  "code": "cy.dataCy('password')\n    .type('ValidPass123')\n    .should('have.attr', 'type', 'password');\ncy.get('.mdi-eye-off').click();\ncy.dataCy('password').should('have.attr', 'type', 'text');\ncy.get('.mdi-eye').click();\ncy.dataCy('password').should('have.attr', 'type', 'password');",
                  "err": {
                    "message": "AssertionError: Timed out retrying after 4000ms: expected '<div.v-input.v-input--horizontal.v-input--center-affix.v-input--density-default.v-theme--light.v-locale--is-ltr.v-input--dirty.v-text-field>' to have attribute 'type'",
                    "estack": "AssertionError: Timed out retrying after 4000ms: expected '<div.v-input.v-input--horizontal.v-input--center-affix.v-input--density-default.v-theme--light.v-locale--is-ltr.v-input--dirty.v-text-field>' to have attribute 'type'\n    at Context.eval (webpack://poker-results-tracker-frontend/./cypress/e2e/ui/register.cy.ts:51:0)",
                    "diff": null
                  },
                  "uuid": "11409a40-51c5-47ef-86ee-84421a58c1cd",
                  "parentUUID": "f0765404-fbf4-4e06-a18c-8af2bd3384bb",
                  "isHook": false,
                  "skipped": false
                },
                {
                  "title": "should navigate back to login page",
                  "fullTitle": "Registration Page UI Interactions should navigate back to login page",
                  "timedOut": null,
                  "duration": 431,
                  "state": "passed",
                  "speed": "fast",
                  "pass": true,
                  "fail": false,
                  "pending": false,
                  "context": null,
                  "code": "cy.dataCy('back-to-login').click();\ncy.url().should('include', '/login');",
                  "err": {},
                  "uuid": "d067b13f-bc2e-4ad5-950a-7162b2b664bf",
                  "parentUUID": "f0765404-fbf4-4e06-a18c-8af2bd3384bb",
                  "isHook": false,
                  "skipped": false
                }
              ],
              "suites": [],
              "passes": [
                "d067b13f-bc2e-4ad5-950a-7162b2b664bf"
              ],
              "failures": [
                "11409a40-51c5-47ef-86ee-84421a58c1cd"
              ],
              "pending": [],
              "skipped": [],
              "duration": 4943,
              "root": false,
              "rootEmpty": false,
              "_timeout": 2000
            },
            {
              "uuid": "90fb31fb-6605-4ee9-88fa-db9f2166f58a",
              "title": "Registration Flow",
              "fullFile": "",
              "file": "",
              "beforeHooks": [],
              "afterHooks": [],
              "tests": [
                {
                  "title": "should handle successful registration",
                  "fullTitle": "Registration Page Registration Flow should handle successful registration",
                  "timedOut": null,
                  "duration": 1629,
                  "state": "passed",
                  "speed": "fast",
                  "pass": true,
                  "fail": false,
                  "pending": false,
                  "context": null,
                  "code": "// Intercept the registration request\ncy.intercept('POST', '/users', (req) => {\n    req.reply({\n        statusCode: 201,\n        body: {\n            id: '123',\n            username: testUser.username\n        }\n    });\n}).as('registerUser');\ncy.dataCy('submit').click();\ncy.wait('@registerUser');\ncy.url().should('include', '/home');",
                  "err": {},
                  "uuid": "493a0a7c-8041-4b33-9fb7-fca9ad438bb5",
                  "parentUUID": "90fb31fb-6605-4ee9-88fa-db9f2166f58a",
                  "isHook": false,
                  "skipped": false
                },
                {
                  "title": "should handle registration error",
                  "fullTitle": "Registration Page Registration Flow should handle registration error",
                  "timedOut": null,
                  "duration": 1289,
                  "state": "passed",
                  "speed": "fast",
                  "pass": true,
                  "fail": false,
                  "pending": false,
                  "context": null,
                  "code": "// Intercept with error response\ncy.intercept('POST', '/users', (req) => {\n    req.reply({\n        statusCode: 400,\n        body: { message: 'Username already exists' }\n    });\n}).as('registerError');\ncy.dataCy('submit').click();\ncy.wait('@registerError');\ncy.contains('Username already exists');\ncy.url().should('include', '/register');",
                  "err": {},
                  "uuid": "f43b0993-537e-4f68-ab3c-a9e7c41bf9e6",
                  "parentUUID": "90fb31fb-6605-4ee9-88fa-db9f2166f58a",
                  "isHook": false,
                  "skipped": false
                },
                {
                  "title": "should disable form during submission",
                  "fullTitle": "Registration Page Registration Flow should disable form during submission",
                  "timedOut": null,
                  "duration": 2390,
                  "state": "failed",
                  "speed": null,
                  "pass": false,
                  "fail": true,
                  "pending": false,
                  "context": null,
                  "code": "// Intercept with delay\ncy.intercept('POST', '/users', (req) => {\n    setTimeout(() => {\n        req.reply({\n            statusCode: 201,\n            body: {\n                id: '123',\n                username: testUser.username\n            }\n        });\n    }, 1000);\n}).as('registerDelay');\ncy.dataCy('submit').click();\n// Check disabled states\n['username', 'password', 'confirm-password', 'submit', 'back-to-login'].forEach(field => {\n    cy.dataCy(field).should('be.disabled');\n});\ncy.wait('@registerDelay');\ncy.url().should('include', '/home');",
                  "err": {
                    "message": "CypressError: The following error originated from your test code, not from Cypress.\n\n  > `req.reply()` was called after the request handler finished executing, but `req.reply()` can not be called after the request has already completed.\n\nWhen Cypress detects uncaught errors originating from your test code it will automatically fail the current test.\n\nhttps://on.cypress.io/intercept",
                    "estack": "CypressError: The following error originated from your test code, not from Cypress.\n\n  > `req.reply()` was called after the request handler finished executing, but `req.reply()` can not be called after the request has already completed.\n\nWhen Cypress detects uncaught errors originating from your test code it will automatically fail the current test.\n\nhttps://on.cypress.io/intercept\n    at Object.reply (http://localhost:3001/__cypress/runner/cypress_runner.js:136813:77)\nFrom Your Spec Code:\n    at eval (webpack://poker-results-tracker-frontend/./cypress/e2e/ui/register.cy.ts:116:0)\nat Array.forEach (<anonymous>)\n    at Context.eval (webpack://poker-results-tracker-frontend/./cypress/e2e/ui/register.cy.ts:115:0)",
                    "diff": null
                  },
                  "uuid": "17ee3abd-2b08-434d-9b37-a1a5ab3a5b56",
                  "parentUUID": "90fb31fb-6605-4ee9-88fa-db9f2166f58a",
                  "isHook": false,
                  "skipped": false
                }
              ],
              "suites": [],
              "passes": [
                "493a0a7c-8041-4b33-9fb7-fca9ad438bb5",
                "f43b0993-537e-4f68-ab3c-a9e7c41bf9e6"
              ],
              "failures": [
                "17ee3abd-2b08-434d-9b37-a1a5ab3a5b56"
              ],
              "pending": [],
              "skipped": [],
              "duration": 5308,
              "root": false,
              "rootEmpty": false,
              "_timeout": 2000
            }
          ],
          "passes": [
            "0dc1a395-d01f-49a7-a02e-7db4b71ab4bd"
          ],
          "failures": [],
          "pending": [],
          "skipped": [],
          "duration": 650,
          "root": false,
          "rootEmpty": false,
          "_timeout": 2000
        }
      ],
      "passes": [],
      "failures": [],
      "pending": [],
      "skipped": [],
      "duration": 0,
      "root": true,
      "rootEmpty": true,
      "_timeout": 2000
    }
  ],
  "meta": {
    "mocha": {
      "version": "7.0.1"
    },
    "mochawesome": {
      "options": {
        "quiet": false,
        "reportFilename": "mochawesome",
        "saveHtml": true,
        "saveJson": true,
        "consoleReporter": "spec",
        "useInlineDiffs": false,
        "code": true
      },
      "version": "7.1.3"
    },
    "marge": {
      "options": {
        "reportDir": "cypress/results",
        "overwrite": false,
        "html": true,
        "json": true
      },
      "version": "6.2.0"
    }
  }
}