{
  "stats": {
    "suites": 4,
    "tests": 9,
    "passes": 4,
    "pending": 0,
    "failures": 5,
    "start": "2025-03-12T14:24:02.849Z",
    "end": "2025-03-12T14:24:16.122Z",
    "duration": 13273,
    "testsRegistered": 9,
    "passPercent": 44.44444444444444,
    "pendingPercent": 0,
    "other": 0,
    "hasOther": false,
    "skipped": 0,
    "hasSkipped": false
  },
  "results": [
    {
      "uuid": "695a0229-22e8-4e25-b8bf-0806fe7e56aa",
      "title": "",
      "fullFile": "cypress/e2e/ui/register.cy.ts",
      "file": "cypress/e2e/ui/register.cy.ts",
      "beforeHooks": [],
      "afterHooks": [],
      "tests": [],
      "suites": [
        {
          "uuid": "3f938ed2-0dfd-4065-963e-3bf4607cba24",
          "title": "Registration Page",
          "fullFile": "",
          "file": "",
          "beforeHooks": [],
          "afterHooks": [],
          "tests": [
            {
              "title": "should display registration form with all fields",
              "fullTitle": "Registration Page should display registration form with all fields",
              "timedOut": null,
              "duration": 711,
              "state": "passed",
              "speed": "fast",
              "pass": true,
              "fail": false,
              "pending": false,
              "context": null,
              "code": "cy.dataCy('username').should('be.visible');\ncy.dataCy('password').should('be.visible');\ncy.dataCy('confirm-password').should('be.visible');\ncy.dataCy('submit').should('be.visible');\ncy.dataCy('back-to-login').should('be.visible');",
              "err": {},
              "uuid": "4ae9fe2d-f912-4c83-9416-9b01a7817d08",
              "parentUUID": "3f938ed2-0dfd-4065-963e-3bf4607cba24",
              "isHook": false,
              "skipped": false
            }
          ],
          "suites": [
            {
              "uuid": "4ae08b46-3ebf-47d4-938c-cfd11327ccdf",
              "title": "Form Validation",
              "fullFile": "",
              "file": "",
              "beforeHooks": [],
              "afterHooks": [],
              "tests": [
                {
                  "title": "should validate username requirements",
                  "fullTitle": "Registration Page Form Validation should validate username requirements",
                  "timedOut": null,
                  "duration": 552,
                  "state": "failed",
                  "speed": null,
                  "pass": false,
                  "fail": true,
                  "pending": false,
                  "context": null,
                  "code": "const username = cy.dataCy('username');\nusername.focus().blur();\ncy.contains('Username is required');\nusername.type('ab');\ncy.contains('Username must be at least 3 characters');\nusername.clear().type('thisusernameiswaytoolongtobevalid');\ncy.contains('Username must be less than 20 characters');\nusername.clear().type('user@name');\ncy.contains('Username can only contain letters, numbers, underscores and dashes');\nusername.clear().type('valid_user123');\ncy.contains('Username is required').should('not.exist');",
                  "err": {
                    "message": "CypressError: `cy.focus()` can only be called on a valid focusable element. Your subject is a: `<div class=\"v-input v-input--horizontal v-input--center-affix v-input--density-default v-theme--light v-locale--is-ltr v-text-field\" data-cy=\"username\">...</div>`\n\nhttps://on.cypress.io/focus",
                    "estack": "CypressError: `cy.focus()` can only be called on a valid focusable element. Your subject is a: `<div class=\"v-input v-input--horizontal v-input--center-affix v-input--density-default v-theme--light v-locale--is-ltr v-text-field\" data-cy=\"username\">...</div>`\n\nhttps://on.cypress.io/focus\n    at Context.focus (http://localhost:3001/__cypress/runner/cypress_runner.js:113294:70)\n    at wrapped (http://localhost:3001/__cypress/runner/cypress_runner.js:137964:19)\nFrom Your Spec Code:\n    at Context.eval (webpack://poker-results-tracker-frontend/./cypress/e2e/ui/register.cy.ts:15:0)",
                    "diff": null
                  },
                  "uuid": "b4b7ed2f-226e-44b5-ac9d-dc509eab4cd7",
                  "parentUUID": "4ae08b46-3ebf-47d4-938c-cfd11327ccdf",
                  "isHook": false,
                  "skipped": false
                },
                {
                  "title": "should validate password requirements",
                  "fullTitle": "Registration Page Form Validation should validate password requirements",
                  "timedOut": null,
                  "duration": 750,
                  "state": "failed",
                  "speed": null,
                  "pass": false,
                  "fail": true,
                  "pending": false,
                  "context": null,
                  "code": "const password = cy.dataCy('password');\npassword.focus().blur();\ncy.contains('Password is required');\npassword.type('123');\ncy.contains('Password must be at least 8 characters');\npassword.clear().type('abcdefghi');\ncy.contains('Password must contain at least one number');\npassword.clear().type('123456789');\ncy.contains('Password must contain at least one letter');\npassword.clear().type('ValidPass123');\ncy.contains('Password is required').should('not.exist');",
                  "err": {
                    "message": "CypressError: `cy.focus()` can only be called on a valid focusable element. Your subject is a: `<div class=\"v-input v-input--horizontal v-input--center-affix v-input--density-default v-theme--light v-locale--is-ltr v-text-field\" data-cy=\"password\">...</div>`\n\nhttps://on.cypress.io/focus",
                    "estack": "CypressError: `cy.focus()` can only be called on a valid focusable element. Your subject is a: `<div class=\"v-input v-input--horizontal v-input--center-affix v-input--density-default v-theme--light v-locale--is-ltr v-text-field\" data-cy=\"password\">...</div>`\n\nhttps://on.cypress.io/focus\n    at Context.focus (http://localhost:3001/__cypress/runner/cypress_runner.js:113294:70)\n    at wrapped (http://localhost:3001/__cypress/runner/cypress_runner.js:137964:19)\nFrom Your Spec Code:\n    at Context.eval (webpack://poker-results-tracker-frontend/./cypress/e2e/ui/register.cy.ts:28:0)",
                    "diff": null
                  },
                  "uuid": "e99f4916-255a-4407-b217-187dba28674e",
                  "parentUUID": "4ae08b46-3ebf-47d4-938c-cfd11327ccdf",
                  "isHook": false,
                  "skipped": false
                },
                {
                  "title": "should validate password confirmation",
                  "fullTitle": "Registration Page Form Validation should validate password confirmation",
                  "timedOut": null,
                  "duration": 1293,
                  "state": "failed",
                  "speed": null,
                  "pass": false,
                  "fail": true,
                  "pending": false,
                  "context": null,
                  "code": "cy.dataCy('password').type('ValidPass123');\ncy.dataCy('confirm-password').type('DifferentPass123');\ncy.contains('Passwords must match');\ncy.dataCy('confirm-password').clear().type('ValidPass123');\ncy.contains('Passwords must match').should('not.exist');",
                  "err": {
                    "message": "CypressError: `cy.type()` failed because it requires a valid typeable element.\n\nThe element typed into was:\n\n  > `<div class=\"v-input v-input--horizontal v-input--center-affix v-input--density-default v-theme--light v-locale--is-ltr v-input--error v-input--dirty v-text-field\" data-cy=\"confirm-password\">...</div>`\n\n  A typeable element matches one of the following selectors:\n  `a[href]`\n  `area[href]`\n  `input`\n  `select`\n  `textarea`\n  `button`\n  `iframe`\n  `[tabindex]`\n  `[contenteditable]`\n\nhttps://on.cypress.io/type",
                    "estack": "CypressError: `cy.type()` failed because it requires a valid typeable element.\n\nThe element typed into was:\n\n  > `<div class=\"v-input v-input--horizontal v-input--center-affix v-input--density-default v-theme--light v-locale--is-ltr v-input--error v-input--dirty v-text-field\" data-cy=\"confirm-password\">...</div>`\n\n  A typeable element matches one of the following selectors:\n  `a[href]`\n  `area[href]`\n  `input`\n  `select`\n  `textarea`\n  `button`\n  `iframe`\n  `[tabindex]`\n  `[contenteditable]`\n\nhttps://on.cypress.io/type\n    at <unknown> (http://localhost:3001/__cypress/runner/cypress_runner.js:115639:76)\n    at tryCatcher (http://localhost:3001/__cypress/runner/cypress_runner.js:1830:23)\n    at Promise._settlePromiseFromHandler (http://localhost:3001/__cypress/runner/cypress_runner.js:1542:31)\n    at Promise._settlePromise (http://localhost:3001/__cypress/runner/cypress_runner.js:1599:18)\n    at Promise._settlePromise0 (http://localhost:3001/__cypress/runner/cypress_runner.js:1644:10)\n    at Promise._settlePromises (http://localhost:3001/__cypress/runner/cypress_runner.js:1724:18)\n    at _drainQueueStep (http://localhost:3001/__cypress/runner/cypress_runner.js:2430:12)\n    at _drainQueue (http://localhost:3001/__cypress/runner/cypress_runner.js:2423:9)\n    at Async._drainQueues (http://localhost:3001/__cypress/runner/cypress_runner.js:2439:5)\n    at Async.drainQueues (http://localhost:3001/__cypress/runner/cypress_runner.js:2309:14)\nFrom Your Spec Code:\n    at Context.eval (webpack://poker-results-tracker-frontend/./cypress/e2e/ui/register.cy.ts:43:0)",
                    "diff": null
                  },
                  "uuid": "1129bd49-e14b-4adc-ad16-fd0b0483d2f4",
                  "parentUUID": "4ae08b46-3ebf-47d4-938c-cfd11327ccdf",
                  "isHook": false,
                  "skipped": false
                }
              ],
              "suites": [],
              "passes": [],
              "failures": [
                "b4b7ed2f-226e-44b5-ac9d-dc509eab4cd7",
                "e99f4916-255a-4407-b217-187dba28674e",
                "1129bd49-e14b-4adc-ad16-fd0b0483d2f4"
              ],
              "pending": [],
              "skipped": [],
              "duration": 2595,
              "root": false,
              "rootEmpty": false,
              "_timeout": 2000
            },
            {
              "uuid": "e19b65a5-9845-4c72-b0bf-c6b8bd4cea2a",
              "title": "UI Interactions",
              "fullFile": "",
              "file": "",
              "beforeHooks": [],
              "afterHooks": [],
              "tests": [
                {
                  "title": "should toggle password visibility",
                  "fullTitle": "Registration Page UI Interactions should toggle password visibility",
                  "timedOut": null,
                  "duration": 4479,
                  "state": "failed",
                  "speed": null,
                  "pass": false,
                  "fail": true,
                  "pending": false,
                  "context": null,
                  "code": "cy.dataCy('password')\n    .type('ValidPass123')\n    .should('have.attr', 'type', 'password');\ncy.get('.mdi-eye-off').click();\ncy.dataCy('password').should('have.attr', 'type', 'text');\ncy.get('.mdi-eye').click();\ncy.dataCy('password').should('have.attr', 'type', 'password');",
                  "err": {
                    "message": "AssertionError: Timed out retrying after 4000ms: expected '<div.v-input.v-input--horizontal.v-input--center-affix.v-input--density-default.v-theme--light.v-locale--is-ltr.v-input--dirty.v-text-field>' to have attribute 'type'",
                    "estack": "AssertionError: Timed out retrying after 4000ms: expected '<div.v-input.v-input--horizontal.v-input--center-affix.v-input--density-default.v-theme--light.v-locale--is-ltr.v-input--dirty.v-text-field>' to have attribute 'type'\n    at Context.eval (webpack://poker-results-tracker-frontend/./cypress/e2e/ui/register.cy.ts:51:0)",
                    "diff": null
                  },
                  "uuid": "af6a3fe6-7cb9-419c-b29b-223592616df8",
                  "parentUUID": "e19b65a5-9845-4c72-b0bf-c6b8bd4cea2a",
                  "isHook": false,
                  "skipped": false
                },
                {
                  "title": "should navigate back to login page",
                  "fullTitle": "Registration Page UI Interactions should navigate back to login page",
                  "timedOut": null,
                  "duration": 362,
                  "state": "passed",
                  "speed": "fast",
                  "pass": true,
                  "fail": false,
                  "pending": false,
                  "context": null,
                  "code": "cy.dataCy('back-to-login').click();\ncy.url().should('include', '/login');",
                  "err": {},
                  "uuid": "931b9d32-4382-4f6a-89bc-0e6bf59b5992",
                  "parentUUID": "e19b65a5-9845-4c72-b0bf-c6b8bd4cea2a",
                  "isHook": false,
                  "skipped": false
                }
              ],
              "suites": [],
              "passes": [
                "931b9d32-4382-4f6a-89bc-0e6bf59b5992"
              ],
              "failures": [
                "af6a3fe6-7cb9-419c-b29b-223592616df8"
              ],
              "pending": [],
              "skipped": [],
              "duration": 4841,
              "root": false,
              "rootEmpty": false,
              "_timeout": 2000
            },
            {
              "uuid": "2b25f3b5-d572-44de-950b-960b1c44a7a9",
              "title": "Registration Flow",
              "fullFile": "",
              "file": "",
              "beforeHooks": [],
              "afterHooks": [],
              "tests": [
                {
                  "title": "should handle successful registration",
                  "fullTitle": "Registration Page Registration Flow should handle successful registration",
                  "timedOut": null,
                  "duration": 1260,
                  "state": "passed",
                  "speed": "fast",
                  "pass": true,
                  "fail": false,
                  "pending": false,
                  "context": null,
                  "code": "// Intercept the registration request\ncy.intercept('POST', '/users', (req) => {\n    req.reply({\n        statusCode: 201,\n        body: {\n            id: '123',\n            username: testUser.username\n        }\n    });\n}).as('registerUser');\ncy.dataCy('submit').click();\ncy.wait('@registerUser');\ncy.url().should('include', '/home');",
                  "err": {},
                  "uuid": "2e25a100-19bc-4989-8245-f9ba278858f0",
                  "parentUUID": "2b25f3b5-d572-44de-950b-960b1c44a7a9",
                  "isHook": false,
                  "skipped": false
                },
                {
                  "title": "should handle registration error",
                  "fullTitle": "Registration Page Registration Flow should handle registration error",
                  "timedOut": null,
                  "duration": 1237,
                  "state": "passed",
                  "speed": "fast",
                  "pass": true,
                  "fail": false,
                  "pending": false,
                  "context": null,
                  "code": "// Intercept with error response\ncy.intercept('POST', '/users', (req) => {\n    req.reply({\n        statusCode: 400,\n        body: { message: 'Username already exists' }\n    });\n}).as('registerError');\ncy.dataCy('submit').click();\ncy.wait('@registerError');\ncy.contains('Username already exists');\ncy.url().should('include', '/register');",
                  "err": {},
                  "uuid": "a2183103-7a8b-40cf-9a6e-16798c4af220",
                  "parentUUID": "2b25f3b5-d572-44de-950b-960b1c44a7a9",
                  "isHook": false,
                  "skipped": false
                },
                {
                  "title": "should disable form during submission",
                  "fullTitle": "Registration Page Registration Flow should disable form during submission",
                  "timedOut": null,
                  "duration": 2419,
                  "state": "failed",
                  "speed": null,
                  "pass": false,
                  "fail": true,
                  "pending": false,
                  "context": null,
                  "code": "// Intercept with delay\ncy.intercept('POST', '/users', (req) => {\n    setTimeout(() => {\n        req.reply({\n            statusCode: 201,\n            body: {\n                id: '123',\n                username: testUser.username\n            }\n        });\n    }, 1000);\n}).as('registerDelay');\ncy.dataCy('submit').click();\n// Check disabled states\n['username', 'password', 'confirm-password', 'submit', 'back-to-login'].forEach(field => {\n    cy.dataCy(field).should('be.disabled');\n});\ncy.wait('@registerDelay');\ncy.url().should('include', '/home');",
                  "err": {
                    "message": "CypressError: The following error originated from your test code, not from Cypress.\n\n  > `req.reply()` was called after the request handler finished executing, but `req.reply()` can not be called after the request has already completed.\n\nWhen Cypress detects uncaught errors originating from your test code it will automatically fail the current test.\n\nhttps://on.cypress.io/intercept",
                    "estack": "CypressError: The following error originated from your test code, not from Cypress.\n\n  > `req.reply()` was called after the request handler finished executing, but `req.reply()` can not be called after the request has already completed.\n\nWhen Cypress detects uncaught errors originating from your test code it will automatically fail the current test.\n\nhttps://on.cypress.io/intercept\n    at Object.reply (http://localhost:3001/__cypress/runner/cypress_runner.js:136813:77)\nFrom Your Spec Code:\n    at eval (webpack://poker-results-tracker-frontend/./cypress/e2e/ui/register.cy.ts:116:0)\nat Array.forEach (<anonymous>)\n    at Context.eval (webpack://poker-results-tracker-frontend/./cypress/e2e/ui/register.cy.ts:115:0)",
                    "diff": null
                  },
                  "uuid": "117ac3df-cfef-4194-8b28-01f949e69e82",
                  "parentUUID": "2b25f3b5-d572-44de-950b-960b1c44a7a9",
                  "isHook": false,
                  "skipped": false
                }
              ],
              "suites": [],
              "passes": [
                "2e25a100-19bc-4989-8245-f9ba278858f0",
                "a2183103-7a8b-40cf-9a6e-16798c4af220"
              ],
              "failures": [
                "117ac3df-cfef-4194-8b28-01f949e69e82"
              ],
              "pending": [],
              "skipped": [],
              "duration": 4916,
              "root": false,
              "rootEmpty": false,
              "_timeout": 2000
            }
          ],
          "passes": [
            "4ae9fe2d-f912-4c83-9416-9b01a7817d08"
          ],
          "failures": [],
          "pending": [],
          "skipped": [],
          "duration": 711,
          "root": false,
          "rootEmpty": false,
          "_timeout": 2000
        }
      ],
      "passes": [],
      "failures": [],
      "pending": [],
      "skipped": [],
      "duration": 0,
      "root": true,
      "rootEmpty": true,
      "_timeout": 2000
    }
  ],
  "meta": {
    "mocha": {
      "version": "7.0.1"
    },
    "mochawesome": {
      "options": {
        "quiet": false,
        "reportFilename": "mochawesome",
        "saveHtml": false,
        "saveJson": true,
        "consoleReporter": "spec",
        "useInlineDiffs": false,
        "code": true
      },
      "version": "7.1.3"
    },
    "marge": {
      "options": {
        "reportDir": "cypress/results",
        "overwrite": false,
        "html": false,
        "json": true
      },
      "version": "6.2.0"
    }
  }
}